[21/10/2023 17:38:13] Method: GET. URL: /api/authors
[25/10/2023 04:45:10] Method: GET. URL: /api/authors/page?p2&limit=5
[25/10/2023 04:47:57] Method: GET. URL: /api/authors/page?p2&limit=5
[25/10/2023 04:50:10] Method: GET. URL: /api/authors/page?p=2&limit=5
[25/10/2023 04:51:16] Method: POST. URL: /api/authors
[25/10/2023 04:51:32] Method: GET. URL: /api/authors/5
[25/10/2023 04:52:34] Method: POST. URL: /api/authors
[25/10/2023 04:53:08] Method: POST. URL: /api/authors
[25/10/2023 04:55:48] Method: POST. URL: /api/authors
[25/10/2023 04:56:58] Method: POST. URL: /api/authors
[25/10/2023 04:58:01] Method: POST. URL: /api/authors
[25/10/2023 04:58:58] Method: POST. URL: /api/authors
[25/10/2023 05:00:07] Method: POST. URL: /api/authors
[25/10/2023 05:00:59] Method: GET. URL: /api/authors/page?p=2&limit=5
[25/10/2023 05:01:07] Method: GET. URL: /api/authors/page?p=2&limit=5
[25/10/2023 05:04:48] Method: POST. URL: /api/authors
[25/10/2023 05:06:14] Method: GET. URL: /api/authors/5
[25/10/2023 07:31:37] Method: GET. URL: /api/authors/5
[25/10/2023 07:32:32] Method: GET. URL: /api/authors/page?p=1&limit=10
[25/10/2023 07:34:45] Method: GET. URL: /api/authors/page?p=2&limit=3
[25/10/2023 07:35:11] Method: GET. URL: /api/authors/page?p=2&limit=3
[27/10/2023 10:48:38] Method: POST. URL: /api/authors
[27/10/2023 11:19:11] Method: POST. URL: /api/authors
[27/10/2023 12:26:55] Method: GET. URL: /api/authors/5
[27/10/2023 12:27:07] Method: GET. URL: /api/authors
[27/10/2023 12:27:10] Method: GET. URL: /api/authors/5
[27/10/2023 12:30:06] Method: GET. URL: /api/authors/5
[27/10/2023 13:25:22] Method: GET. URL: /api/authors
[27/10/2023 13:25:34] Method: GET. URL: /api/authors/5
[27/10/2023 13:25:43] Method: GET. URL: /api/authors/12
[27/10/2023 13:25:52] Method: GET. URL: /api/authors/page?p=2&limit=3
[27/10/2023 13:26:34] Method: POST. URL: /api/authors
[27/10/2023 13:28:06] Method: PUT. URL: /api/authors/17
[27/10/2023 13:28:14] Method: DELETE. URL: /api/authors/19
[27/10/2023 13:33:42] Method: DELETE. URL: /api/authors/19
[27/10/2023 13:36:00] Method: PUT. URL: /api/authors/17
[27/10/2023 14:09:55] Method: PUT. URL: /api/authors/17
[27/10/2023 14:11:10] Method: PUT. URL: /api/authors/17
[27/10/2023 14:11:49] Method: DELETE. URL: /api/authors/19
